nohup: ignoring input
Traceback (most recent call last):
  File "/var/www/eire-data/dataEnv/lib/python3.12/site-packages/gradio/queueing.py", line 536, in process_events
    response = await route_utils.call_process_api(
               ^^^^^^^^^^^^^^^^^^^^^^^^^^^^^^^^^^^
  File "/var/www/eire-data/dataEnv/lib/python3.12/site-packages/gradio/route_utils.py", line 321, in call_process_api
    output = await app.get_blocks().process_api(
             ^^^^^^^^^^^^^^^^^^^^^^^^^^^^^^^^^^^
  File "/var/www/eire-data/dataEnv/lib/python3.12/site-packages/gradio/blocks.py", line 1935, in process_api
    result = await self.call_function(
             ^^^^^^^^^^^^^^^^^^^^^^^^^
  File "/var/www/eire-data/dataEnv/lib/python3.12/site-packages/gradio/blocks.py", line 1520, in call_function
    prediction = await anyio.to_thread.run_sync(  # type: ignore
                 ^^^^^^^^^^^^^^^^^^^^^^^^^^^^^^^^^^^^^^^^^^^^^^^
  File "/var/www/eire-data/dataEnv/lib/python3.12/site-packages/anyio/to_thread.py", line 56, in run_sync
    return await get_async_backend().run_sync_in_worker_thread(
           ^^^^^^^^^^^^^^^^^^^^^^^^^^^^^^^^^^^^^^^^^^^^^^^^^^^^
  File "/var/www/eire-data/dataEnv/lib/python3.12/site-packages/anyio/_backends/_asyncio.py", line 2177, in run_sync_in_worker_thread
    return await future
           ^^^^^^^^^^^^
  File "/var/www/eire-data/dataEnv/lib/python3.12/site-packages/anyio/_backends/_asyncio.py", line 859, in run
    result = context.run(func, *args)
             ^^^^^^^^^^^^^^^^^^^^^^^^
  File "/var/www/eire-data/dataEnv/lib/python3.12/site-packages/gradio/utils.py", line 826, in wrapper
    response = f(*args, **kwargs)
               ^^^^^^^^^^^^^^^^^^
  File "/var/www/eire-data/app/app.py", line 495, in <lambda>
    iface.load(lambda: gr.Tabs.update(selected="solar"))
                       ^^^^^^^^^^^^^^
AttributeError: type object 'Tabs' has no attribute 'update'
Traceback (most recent call last):
  File "/var/www/eire-data/dataEnv/lib/python3.12/site-packages/gradio/queueing.py", line 536, in process_events
    response = await route_utils.call_process_api(
               ^^^^^^^^^^^^^^^^^^^^^^^^^^^^^^^^^^^
  File "/var/www/eire-data/dataEnv/lib/python3.12/site-packages/gradio/route_utils.py", line 321, in call_process_api
    output = await app.get_blocks().process_api(
             ^^^^^^^^^^^^^^^^^^^^^^^^^^^^^^^^^^^
  File "/var/www/eire-data/dataEnv/lib/python3.12/site-packages/gradio/blocks.py", line 1935, in process_api
    result = await self.call_function(
             ^^^^^^^^^^^^^^^^^^^^^^^^^
  File "/var/www/eire-data/dataEnv/lib/python3.12/site-packages/gradio/blocks.py", line 1520, in call_function
    prediction = await anyio.to_thread.run_sync(  # type: ignore
                 ^^^^^^^^^^^^^^^^^^^^^^^^^^^^^^^^^^^^^^^^^^^^^^^
  File "/var/www/eire-data/dataEnv/lib/python3.12/site-packages/anyio/to_thread.py", line 56, in run_sync
    return await get_async_backend().run_sync_in_worker_thread(
           ^^^^^^^^^^^^^^^^^^^^^^^^^^^^^^^^^^^^^^^^^^^^^^^^^^^^
  File "/var/www/eire-data/dataEnv/lib/python3.12/site-packages/anyio/_backends/_asyncio.py", line 2177, in run_sync_in_worker_thread
    return await future
           ^^^^^^^^^^^^
  File "/var/www/eire-data/dataEnv/lib/python3.12/site-packages/anyio/_backends/_asyncio.py", line 859, in run
    result = context.run(func, *args)
             ^^^^^^^^^^^^^^^^^^^^^^^^
  File "/var/www/eire-data/dataEnv/lib/python3.12/site-packages/gradio/utils.py", line 826, in wrapper
    response = f(*args, **kwargs)
               ^^^^^^^^^^^^^^^^^^
  File "/var/www/eire-data/app/app.py", line 495, in <lambda>
    iface.load(lambda: gr.Tabs.update(selected="solar"))
                       ^^^^^^^^^^^^^^
AttributeError: type object 'Tabs' has no attribute 'update'
Traceback (most recent call last):
  File "/var/www/eire-data/dataEnv/lib/python3.12/site-packages/gradio/queueing.py", line 536, in process_events
    response = await route_utils.call_process_api(
               ^^^^^^^^^^^^^^^^^^^^^^^^^^^^^^^^^^^
  File "/var/www/eire-data/dataEnv/lib/python3.12/site-packages/gradio/route_utils.py", line 321, in call_process_api
    output = await app.get_blocks().process_api(
             ^^^^^^^^^^^^^^^^^^^^^^^^^^^^^^^^^^^
  File "/var/www/eire-data/dataEnv/lib/python3.12/site-packages/gradio/blocks.py", line 1935, in process_api
    result = await self.call_function(
             ^^^^^^^^^^^^^^^^^^^^^^^^^
  File "/var/www/eire-data/dataEnv/lib/python3.12/site-packages/gradio/blocks.py", line 1520, in call_function
    prediction = await anyio.to_thread.run_sync(  # type: ignore
                 ^^^^^^^^^^^^^^^^^^^^^^^^^^^^^^^^^^^^^^^^^^^^^^^
  File "/var/www/eire-data/dataEnv/lib/python3.12/site-packages/anyio/to_thread.py", line 56, in run_sync
    return await get_async_backend().run_sync_in_worker_thread(
           ^^^^^^^^^^^^^^^^^^^^^^^^^^^^^^^^^^^^^^^^^^^^^^^^^^^^
  File "/var/www/eire-data/dataEnv/lib/python3.12/site-packages/anyio/_backends/_asyncio.py", line 2177, in run_sync_in_worker_thread
    return await future
           ^^^^^^^^^^^^
  File "/var/www/eire-data/dataEnv/lib/python3.12/site-packages/anyio/_backends/_asyncio.py", line 859, in run
    result = context.run(func, *args)
             ^^^^^^^^^^^^^^^^^^^^^^^^
  File "/var/www/eire-data/dataEnv/lib/python3.12/site-packages/gradio/utils.py", line 826, in wrapper
    response = f(*args, **kwargs)
               ^^^^^^^^^^^^^^^^^^
  File "/var/www/eire-data/app/app.py", line 495, in <lambda>
    iface.load(lambda: gr.Tabs.update(selected="solar"))
                       ^^^^^^^^^^^^^^
AttributeError: type object 'Tabs' has no attribute 'update'
Traceback (most recent call last):
  File "/var/www/eire-data/dataEnv/lib/python3.12/site-packages/gradio/queueing.py", line 536, in process_events
    response = await route_utils.call_process_api(
               ^^^^^^^^^^^^^^^^^^^^^^^^^^^^^^^^^^^
  File "/var/www/eire-data/dataEnv/lib/python3.12/site-packages/gradio/route_utils.py", line 321, in call_process_api
    output = await app.get_blocks().process_api(
             ^^^^^^^^^^^^^^^^^^^^^^^^^^^^^^^^^^^
  File "/var/www/eire-data/dataEnv/lib/python3.12/site-packages/gradio/blocks.py", line 1935, in process_api
    result = await self.call_function(
             ^^^^^^^^^^^^^^^^^^^^^^^^^
  File "/var/www/eire-data/dataEnv/lib/python3.12/site-packages/gradio/blocks.py", line 1520, in call_function
    prediction = await anyio.to_thread.run_sync(  # type: ignore
                 ^^^^^^^^^^^^^^^^^^^^^^^^^^^^^^^^^^^^^^^^^^^^^^^
  File "/var/www/eire-data/dataEnv/lib/python3.12/site-packages/anyio/to_thread.py", line 56, in run_sync
    return await get_async_backend().run_sync_in_worker_thread(
           ^^^^^^^^^^^^^^^^^^^^^^^^^^^^^^^^^^^^^^^^^^^^^^^^^^^^
  File "/var/www/eire-data/dataEnv/lib/python3.12/site-packages/anyio/_backends/_asyncio.py", line 2177, in run_sync_in_worker_thread
    return await future
           ^^^^^^^^^^^^
  File "/var/www/eire-data/dataEnv/lib/python3.12/site-packages/anyio/_backends/_asyncio.py", line 859, in run
    result = context.run(func, *args)
             ^^^^^^^^^^^^^^^^^^^^^^^^
  File "/var/www/eire-data/dataEnv/lib/python3.12/site-packages/gradio/utils.py", line 826, in wrapper
    response = f(*args, **kwargs)
               ^^^^^^^^^^^^^^^^^^
  File "/var/www/eire-data/app/app.py", line 495, in <lambda>
    iface.load(lambda: gr.Tabs.update(selected="solar"))
                       ^^^^^^^^^^^^^^
AttributeError: type object 'Tabs' has no attribute 'update'
Traceback (most recent call last):
  File "/var/www/eire-data/dataEnv/lib/python3.12/site-packages/gradio/queueing.py", line 536, in process_events
    response = await route_utils.call_process_api(
               ^^^^^^^^^^^^^^^^^^^^^^^^^^^^^^^^^^^
  File "/var/www/eire-data/dataEnv/lib/python3.12/site-packages/gradio/route_utils.py", line 321, in call_process_api
    output = await app.get_blocks().process_api(
             ^^^^^^^^^^^^^^^^^^^^^^^^^^^^^^^^^^^
  File "/var/www/eire-data/dataEnv/lib/python3.12/site-packages/gradio/blocks.py", line 1935, in process_api
    result = await self.call_function(
             ^^^^^^^^^^^^^^^^^^^^^^^^^
  File "/var/www/eire-data/dataEnv/lib/python3.12/site-packages/gradio/blocks.py", line 1520, in call_function
    prediction = await anyio.to_thread.run_sync(  # type: ignore
                 ^^^^^^^^^^^^^^^^^^^^^^^^^^^^^^^^^^^^^^^^^^^^^^^
  File "/var/www/eire-data/dataEnv/lib/python3.12/site-packages/anyio/to_thread.py", line 56, in run_sync
    return await get_async_backend().run_sync_in_worker_thread(
           ^^^^^^^^^^^^^^^^^^^^^^^^^^^^^^^^^^^^^^^^^^^^^^^^^^^^
  File "/var/www/eire-data/dataEnv/lib/python3.12/site-packages/anyio/_backends/_asyncio.py", line 2177, in run_sync_in_worker_thread
    return await future
           ^^^^^^^^^^^^
  File "/var/www/eire-data/dataEnv/lib/python3.12/site-packages/anyio/_backends/_asyncio.py", line 859, in run
    result = context.run(func, *args)
             ^^^^^^^^^^^^^^^^^^^^^^^^
  File "/var/www/eire-data/dataEnv/lib/python3.12/site-packages/gradio/utils.py", line 826, in wrapper
    response = f(*args, **kwargs)
               ^^^^^^^^^^^^^^^^^^
  File "/var/www/eire-data/app/app.py", line 495, in <lambda>
    iface.load(lambda: gr.Tabs.update(selected="solar"))
                       ^^^^^^^^^^^^^^
AttributeError: type object 'Tabs' has no attribute 'update'
Traceback (most recent call last):
  File "/var/www/eire-data/dataEnv/lib/python3.12/site-packages/gradio/queueing.py", line 536, in process_events
    response = await route_utils.call_process_api(
               ^^^^^^^^^^^^^^^^^^^^^^^^^^^^^^^^^^^
  File "/var/www/eire-data/dataEnv/lib/python3.12/site-packages/gradio/route_utils.py", line 321, in call_process_api
    output = await app.get_blocks().process_api(
             ^^^^^^^^^^^^^^^^^^^^^^^^^^^^^^^^^^^
  File "/var/www/eire-data/dataEnv/lib/python3.12/site-packages/gradio/blocks.py", line 1935, in process_api
    result = await self.call_function(
             ^^^^^^^^^^^^^^^^^^^^^^^^^
  File "/var/www/eire-data/dataEnv/lib/python3.12/site-packages/gradio/blocks.py", line 1520, in call_function
    prediction = await anyio.to_thread.run_sync(  # type: ignore
                 ^^^^^^^^^^^^^^^^^^^^^^^^^^^^^^^^^^^^^^^^^^^^^^^
  File "/var/www/eire-data/dataEnv/lib/python3.12/site-packages/anyio/to_thread.py", line 56, in run_sync
    return await get_async_backend().run_sync_in_worker_thread(
           ^^^^^^^^^^^^^^^^^^^^^^^^^^^^^^^^^^^^^^^^^^^^^^^^^^^^
  File "/var/www/eire-data/dataEnv/lib/python3.12/site-packages/anyio/_backends/_asyncio.py", line 2177, in run_sync_in_worker_thread
    return await future
           ^^^^^^^^^^^^
  File "/var/www/eire-data/dataEnv/lib/python3.12/site-packages/anyio/_backends/_asyncio.py", line 859, in run
    result = context.run(func, *args)
             ^^^^^^^^^^^^^^^^^^^^^^^^
  File "/var/www/eire-data/dataEnv/lib/python3.12/site-packages/gradio/utils.py", line 826, in wrapper
    response = f(*args, **kwargs)
               ^^^^^^^^^^^^^^^^^^
  File "/var/www/eire-data/app/app.py", line 495, in <lambda>
    iface.load(lambda: gr.Tabs.update(selected="solar"))
                       ^^^^^^^^^^^^^^
AttributeError: type object 'Tabs' has no attribute 'update'
Traceback (most recent call last):
  File "/var/www/eire-data/dataEnv/lib/python3.12/site-packages/gradio/queueing.py", line 536, in process_events
    response = await route_utils.call_process_api(
               ^^^^^^^^^^^^^^^^^^^^^^^^^^^^^^^^^^^
  File "/var/www/eire-data/dataEnv/lib/python3.12/site-packages/gradio/route_utils.py", line 321, in call_process_api
    output = await app.get_blocks().process_api(
             ^^^^^^^^^^^^^^^^^^^^^^^^^^^^^^^^^^^
  File "/var/www/eire-data/dataEnv/lib/python3.12/site-packages/gradio/blocks.py", line 1935, in process_api
    result = await self.call_function(
             ^^^^^^^^^^^^^^^^^^^^^^^^^
  File "/var/www/eire-data/dataEnv/lib/python3.12/site-packages/gradio/blocks.py", line 1520, in call_function
    prediction = await anyio.to_thread.run_sync(  # type: ignore
                 ^^^^^^^^^^^^^^^^^^^^^^^^^^^^^^^^^^^^^^^^^^^^^^^
  File "/var/www/eire-data/dataEnv/lib/python3.12/site-packages/anyio/to_thread.py", line 56, in run_sync
    return await get_async_backend().run_sync_in_worker_thread(
           ^^^^^^^^^^^^^^^^^^^^^^^^^^^^^^^^^^^^^^^^^^^^^^^^^^^^
  File "/var/www/eire-data/dataEnv/lib/python3.12/site-packages/anyio/_backends/_asyncio.py", line 2177, in run_sync_in_worker_thread
    return await future
           ^^^^^^^^^^^^
  File "/var/www/eire-data/dataEnv/lib/python3.12/site-packages/anyio/_backends/_asyncio.py", line 859, in run
    result = context.run(func, *args)
             ^^^^^^^^^^^^^^^^^^^^^^^^
  File "/var/www/eire-data/dataEnv/lib/python3.12/site-packages/gradio/utils.py", line 826, in wrapper
    response = f(*args, **kwargs)
               ^^^^^^^^^^^^^^^^^^
  File "/var/www/eire-data/app/app.py", line 495, in <lambda>
    iface.load(lambda: gr.Tabs.update(selected="solar"))
                       ^^^^^^^^^^^^^^
AttributeError: type object 'Tabs' has no attribute 'update'
Traceback (most recent call last):
  File "/var/www/eire-data/dataEnv/lib/python3.12/site-packages/gradio/queueing.py", line 536, in process_events
    response = await route_utils.call_process_api(
               ^^^^^^^^^^^^^^^^^^^^^^^^^^^^^^^^^^^
  File "/var/www/eire-data/dataEnv/lib/python3.12/site-packages/gradio/route_utils.py", line 321, in call_process_api
    output = await app.get_blocks().process_api(
             ^^^^^^^^^^^^^^^^^^^^^^^^^^^^^^^^^^^
  File "/var/www/eire-data/dataEnv/lib/python3.12/site-packages/gradio/blocks.py", line 1935, in process_api
    result = await self.call_function(
             ^^^^^^^^^^^^^^^^^^^^^^^^^
  File "/var/www/eire-data/dataEnv/lib/python3.12/site-packages/gradio/blocks.py", line 1520, in call_function
    prediction = await anyio.to_thread.run_sync(  # type: ignore
                 ^^^^^^^^^^^^^^^^^^^^^^^^^^^^^^^^^^^^^^^^^^^^^^^
  File "/var/www/eire-data/dataEnv/lib/python3.12/site-packages/anyio/to_thread.py", line 56, in run_sync
    return await get_async_backend().run_sync_in_worker_thread(
           ^^^^^^^^^^^^^^^^^^^^^^^^^^^^^^^^^^^^^^^^^^^^^^^^^^^^
  File "/var/www/eire-data/dataEnv/lib/python3.12/site-packages/anyio/_backends/_asyncio.py", line 2177, in run_sync_in_worker_thread
    return await future
           ^^^^^^^^^^^^
  File "/var/www/eire-data/dataEnv/lib/python3.12/site-packages/anyio/_backends/_asyncio.py", line 859, in run
    result = context.run(func, *args)
             ^^^^^^^^^^^^^^^^^^^^^^^^
  File "/var/www/eire-data/dataEnv/lib/python3.12/site-packages/gradio/utils.py", line 826, in wrapper
    response = f(*args, **kwargs)
               ^^^^^^^^^^^^^^^^^^
  File "/var/www/eire-data/app/app.py", line 495, in <lambda>
    iface.load(lambda: gr.Tabs.update(selected="solar"))
                       ^^^^^^^^^^^^^^
AttributeError: type object 'Tabs' has no attribute 'update'
Traceback (most recent call last):
  File "/var/www/eire-data/dataEnv/lib/python3.12/site-packages/gradio/queueing.py", line 536, in process_events
    response = await route_utils.call_process_api(
               ^^^^^^^^^^^^^^^^^^^^^^^^^^^^^^^^^^^
  File "/var/www/eire-data/dataEnv/lib/python3.12/site-packages/gradio/route_utils.py", line 321, in call_process_api
    output = await app.get_blocks().process_api(
             ^^^^^^^^^^^^^^^^^^^^^^^^^^^^^^^^^^^
  File "/var/www/eire-data/dataEnv/lib/python3.12/site-packages/gradio/blocks.py", line 1935, in process_api
    result = await self.call_function(
             ^^^^^^^^^^^^^^^^^^^^^^^^^
  File "/var/www/eire-data/dataEnv/lib/python3.12/site-packages/gradio/blocks.py", line 1520, in call_function
    prediction = await anyio.to_thread.run_sync(  # type: ignore
                 ^^^^^^^^^^^^^^^^^^^^^^^^^^^^^^^^^^^^^^^^^^^^^^^
  File "/var/www/eire-data/dataEnv/lib/python3.12/site-packages/anyio/to_thread.py", line 56, in run_sync
    return await get_async_backend().run_sync_in_worker_thread(
           ^^^^^^^^^^^^^^^^^^^^^^^^^^^^^^^^^^^^^^^^^^^^^^^^^^^^
  File "/var/www/eire-data/dataEnv/lib/python3.12/site-packages/anyio/_backends/_asyncio.py", line 2177, in run_sync_in_worker_thread
    return await future
           ^^^^^^^^^^^^
  File "/var/www/eire-data/dataEnv/lib/python3.12/site-packages/anyio/_backends/_asyncio.py", line 859, in run
    result = context.run(func, *args)
             ^^^^^^^^^^^^^^^^^^^^^^^^
  File "/var/www/eire-data/dataEnv/lib/python3.12/site-packages/gradio/utils.py", line 826, in wrapper
    response = f(*args, **kwargs)
               ^^^^^^^^^^^^^^^^^^
  File "/var/www/eire-data/app/app.py", line 495, in <lambda>
    iface.load(lambda: gr.Tabs.update(selected="solar"))
                       ^^^^^^^^^^^^^^
AttributeError: type object 'Tabs' has no attribute 'update'
